<?xml version="1.0" encoding="UTF-8"?>
<testng-results skipped="0" failed="0" total="8" passed="8">
  <reporter-output>
  </reporter-output>
  <suite name="Default suite" duration-ms="106695" started-at="2020-08-06T04:33:18Z" finished-at="2020-08-06T04:35:05Z">
    <groups>
    </groups>
    <test name="Default test" duration-ms="106695" started-at="2020-08-06T04:33:18Z" finished-at="2020-08-06T04:35:05Z">
      <class name="projectTask.EcommerceUsingDataProvider">
        <test-method status="PASS" signature="MobilePhone(java.lang.String)[pri:0, instance:projectTask.EcommerceUsingDataProvider@4563e9ab]" name="MobilePhone" duration-ms="12760" started-at="2020-08-06T10:03:18Z" data-provider="mobiles" finished-at="2020-08-06T10:03:31Z">
          <params>
            <param index="0">
              <value>
                <![CDATA[redmi mobiles]]>
              </value>
            </param>
          </params>
          <reporter-output>
          </reporter-output>
        </test-method> <!-- MobilePhone -->
        <test-method status="PASS" signature="MobilePhone(java.lang.String)[pri:0, instance:projectTask.EcommerceUsingDataProvider@4563e9ab]" name="MobilePhone" duration-ms="11949" started-at="2020-08-06T10:03:31Z" data-provider="mobiles" finished-at="2020-08-06T10:03:43Z">
          <params>
            <param index="0">
              <value>
                <![CDATA[samsung mobiles]]>
              </value>
            </param>
          </params>
          <reporter-output>
          </reporter-output>
        </test-method> <!-- MobilePhone -->
        <test-method status="PASS" signature="MobilePhone(java.lang.String)[pri:0, instance:projectTask.EcommerceUsingDataProvider@4563e9ab]" name="MobilePhone" duration-ms="13377" started-at="2020-08-06T10:03:43Z" data-provider="mobiles" finished-at="2020-08-06T10:03:56Z">
          <params>
            <param index="0">
              <value>
                <![CDATA[poco mobiles]]>
              </value>
            </param>
          </params>
          <reporter-output>
          </reporter-output>
        </test-method> <!-- MobilePhone -->
        <test-method status="PASS" signature="MobilePhone(java.lang.String)[pri:0, instance:projectTask.EcommerceUsingDataProvider@4563e9ab]" name="MobilePhone" duration-ms="14787" started-at="2020-08-06T10:03:56Z" data-provider="mobiles" finished-at="2020-08-06T10:04:11Z">
          <params>
            <param index="0">
              <value>
                <![CDATA[]lenovo mobiles]]>
              </value>
            </param>
          </params>
          <reporter-output>
          </reporter-output>
        </test-method> <!-- MobilePhone -->
        <test-method status="PASS" signature="MobilePhone(java.lang.String)[pri:0, instance:projectTask.EcommerceUsingDataProvider@4563e9ab]" name="MobilePhone" duration-ms="12213" started-at="2020-08-06T10:04:11Z" data-provider="mobiles" finished-at="2020-08-06T10:04:23Z">
          <params>
            <param index="0">
              <value>
                <![CDATA[iphone mobiles]]>
              </value>
            </param>
          </params>
          <reporter-output>
          </reporter-output>
        </test-method> <!-- MobilePhone -->
        <test-method status="PASS" signature="MobilePhone(java.lang.String)[pri:0, instance:projectTask.EcommerceUsingDataProvider@4563e9ab]" name="MobilePhone" duration-ms="12556" started-at="2020-08-06T10:04:23Z" data-provider="mobiles" finished-at="2020-08-06T10:04:36Z">
          <params>
            <param index="0">
              <value>
                <![CDATA[panasonic mobiles]]>
              </value>
            </param>
          </params>
          <reporter-output>
          </reporter-output>
        </test-method> <!-- MobilePhone -->
        <test-method status="PASS" signature="MobilePhone(java.lang.String)[pri:0, instance:projectTask.EcommerceUsingDataProvider@4563e9ab]" name="MobilePhone" duration-ms="14554" started-at="2020-08-06T10:04:36Z" data-provider="mobiles" finished-at="2020-08-06T10:04:50Z">
          <params>
            <param index="0">
              <value>
                <![CDATA[micromax mobiles]]>
              </value>
            </param>
          </params>
          <reporter-output>
          </reporter-output>
        </test-method> <!-- MobilePhone -->
        <test-method status="PASS" signature="MobilePhone(java.lang.String)[pri:0, instance:projectTask.EcommerceUsingDataProvider@4563e9ab]" name="MobilePhone" duration-ms="14458" started-at="2020-08-06T10:04:50Z" data-provider="mobiles" finished-at="2020-08-06T10:05:05Z">
          <params>
            <param index="0">
              <value>
                <![CDATA[oneplus mobiles]]>
              </value>
            </param>
          </params>
          <reporter-output>
          </reporter-output>
        </test-method> <!-- MobilePhone -->
      </class> <!-- projectTask.EcommerceUsingDataProvider -->
    </test> <!-- Default test -->
  </suite> <!-- Default suite -->
</testng-results>
